
============================================================
BACKEND DEBUGGER - Starting Project
============================================================
Project path: C:\Users\ASUS\Desktop\Codes\POME\Top down\backend
Port: 5000

[1/2] Starting Flask server...
  Python: C:\Users\ASUS\Desktop\Codes\POME\Top down\backend\venv\Scripts\python.exe
  App: C:\Users\ASUS\Desktop\Codes\POME\Top down\backend\app.py
  Process started (PID: 17196)
  Waiting for server to start (10 seconds)...
✗ Server failed to start
  stdout: 
  stderr:   File "C:\Users\ASUS\Desktop\Codes\POME\Top down\backend\app.py", line 4
    from routes.add-to-cart_routes import add-to-cart_bp
                   ^
SyntaxError: invalid syntax


[2/2] Checking for errors...
  ✗ Found syntax in C:\Users\ASUS\Desktop\Codes\POME\Top down\backend\app.py

  Attempting to fix: syntax error in C:\Users\ASUS\Desktop\Codes\POME\Top down\backend\app.py

  Reasoning: **Error Analysis**

1. **Error Type**: This is a `SyntaxError`, which occurs when there is an issue with the syntax of the Python code.
2. **Most Likely Cause**: The most likely cause of this error is the use of invalid characters in the import statement. Specifically, the hyphen (`-`) in the module...

  Steps to fix:
  To completely solve the bug, follow these steps:

1. **FILESYSTEM**: Rename the file `add-to-cart_routes.py` to `add_to_cart_routes.py` in the directory `C:\Users\ASUS\Desktop\Codes\POME\Top down\backend\routes`.
2. **MODIFY_FILE**: Update the import statement in `app.py` from `from routes.add-to-cart_routes import add_to_cart_bp` to `from routes.add_to_cart_routes import add_to_cart_bp`.
3. **MOD...

  Found 5 steps to execute

  Classifying all steps...

  Classifications:
  STEP 1: FILESYSTEM
STEP 2: MODIFY_FILE
STEP 3: MODIFY_FILE
STEP 4: VERIFY_CODE 
STEP 5: RUN_CODE...

  Executing step 1/5...
    1. **FILESYSTEM**: Rename the file `add-to-cart_routes.py` to `add_to_cart_routes.py` in the directory `C:\Users\ASUS\Desktop\Codes\POME\Top down\back
    Action type: FILESYSTEM
    Command: ren routes\add-to-cart_routes.py routes\add_to_cart_routes.py
    ✗ Command failed: The syntax of the command is incorrect.


  Executing step 2/5...
    2. **MODIFY_FILE**: Update the import statement in `app.py` from `from routes.add-to-cart_routes import add_to_cart_bp` to `from routes.add_to_cart_ro
    Action type: MODIFY_FILE
    Target file: app.py
    ✓ Modified app.py (29 lines)

  Executing step 3/5...
    3. **MODIFY_FILE**: Update any other files that import from `add-to-cart_routes.py` to use the new module name `add_to_cart_routes.py`. Check all file
    Action type: MODIFY_FILE
    Target file: app.py
    ✓ Modified app.py (29 lines)

  Executing step 4/5...
    4. **VERIFY_CODE**: Review the updated code in `app.py` and other affected files to ensure that the import statements are correct and there are no oth
    ✗ No classification found for this step

  Executing step 5/5...
    5. **RUN_CODE**: Run the updated code to verify that the `SyntaxError` is resolved and the code executes without issues.
    ✗ No classification found for this step

  ✓ Successfully executed 2/5 steps

============================================================
BACKEND DEBUGGER - Starting Project
============================================================
Project path: C:\Users\ASUS\Desktop\Codes\POME\Top down\backend
Port: 5000

[1/2] Starting Flask server...
  Python: C:\Users\ASUS\Desktop\Codes\POME\Top down\backend\venv\Scripts\python.exe
  App: C:\Users\ASUS\Desktop\Codes\POME\Top down\backend\app.py
  Process started (PID: 23800)
  Waiting for server to start (10 seconds)...
✗ Server failed to start
  stdout: 
  stderr:   File "C:\Users\ASUS\Desktop\Codes\POME\Top down\backend\app.py", line 50
    from routes.pickup-options_routes import pickup-options_bp
                      ^
SyntaxError: invalid syntax


[2/2] Checking for errors...
  ✗ Found syntax in C:\Users\ASUS\Desktop\Codes\POME\Top down\backend\app.py

  Attempting to fix: syntax error in C:\Users\ASUS\Desktop\Codes\POME\Top down\backend\app.py

  Reasoning: **Error Analysis**

1. **Error Type**: This is a `SyntaxError`, which occurs when there is an issue with the syntax of the Python code.
2. **Most Likely Cause**: The most likely cause of this error is that there is an invalid character or syntax in the import statement on line 50 of the `app.py` fil...

  Steps to fix:
  To completely solve the bug, follow these steps:

1. **FILESYSTEM**: Rename the file `pickup-options_routes.py` to `pickup_options_routes.py` in the `C:\Users\ASUS\Desktop\Codes\POME\Top down\backend\routes` directory to fix the naming convention.
2. **MODIFY_FILE**: Update the import statement in `app.py` from `from routes import pickup-options_routes` to `from routes import pickup_options_routes...

  Found 12 steps to execute

  Classifying all steps...

  Classifications:
  STEP 1: FILESYSTEM
STEP 2: MODIFY_FILE
STEP 3: MODIFY_FILE
STEP 4: MODIFY_FILE
STEP 5: FILESYSTEM
STEP 6: MODIFY_FILE
STEP 7: RUN_COMMAND 
STEP 8: VERIFY_CODE 
STEP 9: MODIFY_FILE
STEP 10: MODIFY_FILE
STEP 11: RUN_COMMAND 
STEP 12: VERIFY_CODE...

  Executing step 1/12...
    1. **FILESYSTEM**: Rename the file `pickup-options_routes.py` to `pickup_options_routes.py` in the `C:\Users\ASUS\Desktop\Codes\POME\Top down\backend\
    Action type: FILESYSTEM
    Command: ren routes\pickup-options_routes.py routes\pickup_options_routes.py
    ✗ Command failed: The system cannot find the file specified.


  Executing step 2/12...
    2. **MODIFY_FILE**: Update the import statement in `app.py` from `from routes import pickup-options_routes` to `from routes import pickup_options_rout
    Action type: MODIFY_FILE
    Target file: app.py
    ✓ Modified app.py (50 lines)

  Executing step 3/12...
    3. **MODIFY_FILE**: Update any other files that import from `pickup-options_routes` to use the new module name `pickup_options_routes`.
    Action type: MODIFY_FILE
    Target file: app.py
    ✓ Modified app.py (50 lines)

  Executing step 4/12...
    4. **MODIFY_FILE**: Verify that all import statements in `app.py` and other related files are correct and use the new module name `pickup_options_rout
    Action type: MODIFY_FILE
    Target file: app.py
    ✓ Modified app.py (50 lines)

  Executing step 5/12...
    5. **FILESYSTEM**: If the module name cannot be changed, delete the `pickup-options_routes.py` file and create a new file named `pickup_options_routes
    Action type: FILESYSTEM
    Command: rm routes/pickup-options_routes.py && type nul > routes/pickup_options_routes.py
    ✗ Command failed: 'rm' is not recognized as an internal or external command,
operable program or batch file.


  Executing step 6/12...
    6. **MODIFY_FILE**: If using the `importlib` module, add the following code to `app.py`: `import importlib` and `pickup_options_bp = importlib.import_
    Action type: MODIFY_FILE
    Target file: app.py
    ✓ Modified app.py (50 lines)

  Executing step 7/12...
    7. **RUN_COMMAND**: Run the Python application again to test if the bug is resolved.
    ✗ No classification found for this step

  Executing step 8/12...
    8. **VERIFY_CODE**: Verify that the code runs without any syntax errors and that the `pickup_options_routes` module is imported correctly.
    ✗ No classification found for this step

  Executing step 9/12...
    1. **MODIFY_FILE**: Add the following code to `app.py`: `import importlib` and `pickup_options_bp = importlib.import_module('routes.pickup-options_rou
    Action type: MODIFY_FILE
    Target file: app.py
    ✓ Modified app.py (50 lines)

  Executing step 10/12...
    2. **MODIFY_FILE**: Update any other files that import from `pickup-options_routes` to use the dynamic import method.
    Action type: MODIFY_FILE
    Target file: app.py
    ✓ Modified app.py (50 lines)

  Executing step 11/12...
    3. **RUN_COMMAND**: Run the Python application again to test if the bug is resolved.
    ✗ No classification found for this step

  Executing step 12/12...
    4. **VERIFY_CODE**: Verify that the code runs without any syntax errors and that the `pickup-options_routes` module is imported correctly.
    ✗ No classification found for this step

  ✓ Successfully executed 6/12 steps

============================================================
BACKEND DEBUGGER - Starting Project
============================================================
Project path: C:\Users\ASUS\Desktop\Codes\POME\Top down\backend
Port: 5000

[1/2] Starting Flask server...
  Python: C:\Users\ASUS\Desktop\Codes\POME\Top down\backend\venv\Scripts\python.exe
  App: C:\Users\ASUS\Desktop\Codes\POME\Top down\backend\app.py
  Process started (PID: 13816)
  Waiting for server to start (10 seconds)...
✗ Server failed to start
  stdout: 
  stderr:   File "C:\Users\ASUS\Desktop\Codes\POME\Top down\backend\app.py", line 178
    app.register_blueprint(terms-and-conditions_bp, url_prefix='/api/terms-and-conditions')
                                 ^^^
SyntaxError: invalid syntax


[2/2] Checking for errors...
  ✗ Found syntax in C:\Users\ASUS\Desktop\Codes\POME\Top down\backend\app.py

  Attempting to fix: syntax error in C:\Users\ASUS\Desktop\Codes\POME\Top down\backend\app.py

  Reasoning: **Error Analysis**

1. **Error Type**: This is a `SyntaxError`, which occurs when there is an issue with the syntax of the Python code.
2. **Most Likely Cause**: The error message indicates that the syntax is invalid on line 178 of the `app.py` file. Specifically, the issue is with the line `app.reg...

  Steps to fix:
  To completely solve this bug, follow these steps:

1. **MODIFY_FILE**: Open the file `app.py` located in `C:\Users\ASUS\Desktop\Codes\POME\Top down\backend\` and navigate to line 178.
2. **MODIFY_FILE**: Rename the variable `terms-and-conditions_bp` to `terms_and_conditions_bp` in the line `app.register_blueprint(terms-and-conditions_bp, url_prefix='/api/terms-and-conditions')` to `app.register_bl...

  Found 7 steps to execute

  Classifying all steps...

  Classifications:
  STEP 1: MODIFY_FILE
STEP 2: MODIFY_FILE
STEP 3: MODIFY_FILE
STEP 4: MODIFY_FILE
STEP 5: MODIFY_FILE
STEP 6: VERIFY_CODE 
STEP 7: TEST_FUNCTIONALITY...

  Executing step 1/7...
    1. **MODIFY_FILE**: Open the file `app.py` located in `C:\Users\ASUS\Desktop\Codes\POME\Top down\backend\` and navigate to line 178.
    Action type: MODIFY_FILE
    Target file: app.py
    ✓ Modified app.py (50 lines)

  Executing step 2/7...
    2. **MODIFY_FILE**: Rename the variable `terms-and-conditions_bp` to `terms_and_conditions_bp` in the line `app.register_blueprint(terms-and-condition
    Action type: MODIFY_FILE
    Target file: app.py
    ✓ Modified app.py (50 lines)

  Executing step 3/7...
    3. **MODIFY_FILE**: Verify that the variable `terms_and_conditions_bp` is defined and assigned a valid value before line 178 in `app.py`.
    Action type: MODIFY_FILE
    Target file: app.py
    ✓ Modified app.py (50 lines)

  Executing step 4/7...
    4. **MODIFY_FILE**: Update any other lines in `app.py` that reference `terms-and-conditions_bp` to use the new variable name `terms_and_conditions_bp`
    Action type: MODIFY_FILE
    Target file: app.py
    ✓ Modified app.py (50 lines)

  Executing step 5/7...
    5. **MODIFY_FILE**: Check any other files that import or use `terms-and-conditions_bp` and update them to use the new variable name `terms_and_conditi
    Action type: MODIFY_FILE
    Target file: app.py
    ✓ Modified app.py (50 lines)

  Executing step 6/7...
    6. **VERIFY_CODE**: Run the application to verify that the `SyntaxError` is resolved and the code executes without any syntax-related errors.
    ✗ No classification found for this step

  Executing step 7/7...
    7. **TEST_FUNCTIONALITY**: Test the functionality of the `terms_and_conditions_bp` blueprint to ensure it works as expected after the variable name ch
    ✗ No classification found for this step

  ✓ Successfully executed 5/7 steps

============================================================
BACKEND DEBUGGER - Starting Project
============================================================
Project path: C:\Users\ASUS\Desktop\Codes\POME\Top down\backend
Port: 5000

[1/2] Starting Flask server...
  Python: C:\Users\ASUS\Desktop\Codes\POME\Top down\backend\venv\Scripts\python.exe
  App: C:\Users\ASUS\Desktop\Codes\POME\Top down\backend\app.py
  Process started (PID: 8604)
  Waiting for server to start (10 seconds)...
✗ Server failed to start
  stdout: 
  stderr:   File "C:\Users\ASUS\Desktop\Codes\POME\Top down\backend\app.py", line 256
    endpoints_list.append({"method": "POST", "path": "/api/users/payment-info", "description": "Save Payment Information"})
IndentationError: unexpected indent


[2/2] Checking for errors...
  ✗ Found indentation in C:\Users\ASUS\Desktop\Codes\POME\Top down\backend\app.py

  Attempting to fix: indentation error in C:\Users\ASUS\Desktop\Codes\POME\Top down\backend\app.py

  Reasoning: **Error Analysis**

1. **Error Type**: The error type is an `IndentationError`, which is a type of syntax error in Python.
2. **Most Likely Cause**: The most likely cause of this error is that there is an inconsistent or incorrect indentation on line 256 of the `app.py` file. Python uses indentation...

  Steps to fix:
  To completely solve the `IndentationError` bug, follow these steps:

1. **FILESYSTEM**: Open the `app.py` file located in `C:\Users\ASUS\Desktop\Codes\POME\Top down\backend\` in a text editor or IDE.
2. **MODIFY_FILE**: Navigate to line 256 in the `app.py` file and remove any unnecessary indentation.
3. **MODIFY_FILE**: Verify that the indentation on line 256 is consistent with the surrounding cod...

  Found 7 steps to execute

  Classifying all steps...

  Classifications:
  STEP 1: FILESYSTEM
STEP 2: MODIFY_FILE
STEP 3: MODIFY_FILE
STEP 4: MODIFY_FILE
STEP 5: MODIFY_FILE
STEP 6: FILESYSTEM
STEP 7: FILESYSTEM...

  Executing step 1/7...
    1. **FILESYSTEM**: Open the `app.py` file located in `C:\Users\ASUS\Desktop\Codes\POME\Top down\backend\` in a text editor or IDE.
    Action type: FILESYSTEM
    Command: code C:\Users\ASUS\Desktop\Codes\POME\Top\ down\backend\app.py
    ✓ Command succeeded

  Executing step 2/7...
    2. **MODIFY_FILE**: Navigate to line 256 in the `app.py` file and remove any unnecessary indentation.
    Action type: MODIFY_FILE
    Target file: app.py
    ✓ Modified app.py (50 lines)

  Executing step 3/7...
    3. **MODIFY_FILE**: Verify that the indentation on line 256 is consistent with the surrounding code block in the `app.py` file.
    Action type: MODIFY_FILE
    Target file: app.py
    ✓ Modified app.py (50 lines)

  Executing step 4/7...
    4. **MODIFY_FILE**: Check the previous lines of code in the `app.py` file to ensure that there are no missing or mismatched indentation levels.
    Action type: MODIFY_FILE
    Target file: app.py
    ✓ Modified app.py (50 lines)

  Executing step 5/7...
    5. **MODIFY_FILE**: Update the indentation on line 256 to match the correct indentation level, if necessary, in the `app.py` file.
    Action type: MODIFY_FILE
    Target file: app.py
    ✓ Modified app.py (50 lines)

  Executing step 6/7...
    6. **FILESYSTEM**: Save the changes made to the `app.py` file.
    Action type: FILESYSTEM
    Command: cd C:\Users\ASUS\Desktop\Codes\POME\Top down\backend & copy app.py app.py
    ✗ Command failed: 

  Executing step 7/7...
    7. **RUN_COMMAND**: Run the Python script again to verify that the `IndentationError` has been resolved.
    Action type: FILESYSTEM
    Command: python C:\Users\ASUS\Desktop\Codes\POME\Top\down\backend\script.py
    ✗ Command failed: C:\Users\ASUS\AppData\Local\Programs\Python\Python312\python.exe: can't open file 'C:\\Users\\ASUS\\

  ✓ Successfully executed 5/7 steps

============================================================
BACKEND DEBUGGER - Starting Project
============================================================
Project path: C:\Users\ASUS\Desktop\Codes\POME\Top down\backend
Port: 5000

[1/2] Starting Flask server...
  Python: C:\Users\ASUS\Desktop\Codes\POME\Top down\backend\venv\Scripts\python.exe
  App: C:\Users\ASUS\Desktop\Codes\POME\Top down\backend\app.py
  Process started (PID: 14296)
  Waiting for server to start (10 seconds)...
✗ Server failed to start
  stdout: 
  stderr:   File "C:\Users\ASUS\Desktop\Codes\POME\Top down\backend\app.py", line 310
    endpoints_list.append({"method": "POST", "path": "/api/orders/{orderId}/reorder", "description": "Re-order Cake"})
IndentationError: unexpected indent


[2/2] Checking for errors...
  ✗ Found indentation in C:\Users\ASUS\Desktop\Codes\POME\Top down\backend\app.py

  Attempting to fix: indentation error in C:\Users\ASUS\Desktop\Codes\POME\Top down\backend\app.py

  Reasoning: **Error Analysis**

1. **Error Type**: The error type is an `IndentationError`, which is a type of syntax error in Python.
2. **Most Likely Cause**: The most likely cause of this error is that there is an inconsistent or incorrect indentation in the code, specifically on line 310 of the `app.py` fil...

  Steps to fix:
  To completely solve the `IndentationError` in the `app.py` file, follow these steps:

1. **MODIFY_FILE**: Open the `app.py` file located in `C:\Users\ASUS\Desktop\Codes\POME\Top down\backend\` in a text editor.
2. **CHECK_INDENTATION**: Scroll to line 310 in the `app.py` file and inspect the indentation.
3. **CORRECT_INDENTATION**: If the line is not part of a block (e.g., not inside a loop, condi...

  Found 10 steps to execute

  Classifying all steps...

  Classifications:
  STEP 1: MODIFY_FILE
STEP 2: MODIFY_FILE
STEP 3: MODIFY_FILE
STEP 4: MODIFY_FILE
STEP 5: MODIFY_FILE
STEP 6: MODIFY_FILE
STEP 7: MODIFY_FILE
STEP 8: FILESYSTEM
STEP 9: FILESYSTEM
STEP 10: MODIFY_FILE...

  Executing step 1/10...
    1. **MODIFY_FILE**: Open the `app.py` file located in `C:\Users\ASUS\Desktop\Codes\POME\Top down\backend\` in a text editor.
    Action type: MODIFY_FILE
    Target file: app.py
    ✓ Modified app.py (50 lines)

  Executing step 2/10...
    2. **CHECK_INDENTATION**: Scroll to line 310 in the `app.py` file and inspect the indentation.
    Action type: MODIFY_FILE
    Target file: app.py
    ✓ Modified app.py (50 lines)

  Executing step 3/10...
    3. **CORRECT_INDENTATION**: If the line is not part of a block (e.g., not inside a loop, conditional statement, or function), remove the unnecessary i
    Action type: MODIFY_FILE
    Target file: app.py
    ✓ Modified app.py (50 lines)

  Executing step 4/10...
    4. **CHECK_SURROUNDING_LINES**: Inspect the preceding lines (lines 309 and below) for any inconsistent indentation that may be causing the issue.
    Action type: MODIFY_FILE
    Target file: app.py
