
======================================================================
CREATING REACT FRONTEND PROJECT
======================================================================
Timestamp: 20251230_163153
Project name: project\frontend
Log file: logs\react_project_generation_20251230_163153.log
Total pages to create: 15

[1/5] Creating React app 'project\frontend'...
  This may take a few minutes...
  Command: npx create-react-app project\frontend
  Return code: 0
  stdout: 
Creating a new React app in C:\Users\ASUS\Desktop\Codes\POME\Top down\project\frontend.

Installing packages. This might take a couple of minutes.
Installing react, react-dom, and react-scripts with cra-template...


added 1303 packages in 2m

266 packages are looking for funding
  run `npm fund` for details

Installing template dependencies using npm...

added 17 packages, and changed 1 package in 7s

266 packages are looking for funding
  run `npm fund` for details
Removing template package u...
✓ React app created successfully

[2/5] Installing dependencies (react-router-dom, axios)...
  Working directory: C:\Users\ASUS\Desktop\Codes\POME\Top down\project\frontend
  Command: npm install react-router-dom axios
  Return code: 0
  stdout: 
added 7 packages, and audited 1327 packages in 6s

267 packages are looking for funding
  run `npm fund` for details

9 vulnerabilities (3 moderate, 6 high)

To address all issues (including breaking changes), run:
  npm audit fix --force

Run `npm audit` for details.

✓ Dependencies installed successfully

[3/5] Creating page components...
  Creating pages directory: project\frontend\src\pages
  ✓ Pages directory created

  [1/15] Creating component: Login Page
    Component name: LoginPage
    Requirements: 12
    Endpoints: 7
    Writing component file: project\frontend\src\pages\LoginPage.js
    ✓ Component file created (1966 bytes)
    Writing CSS file: project\frontend\src\pages\LoginPage.css
    ✓ CSS file created (479 bytes)
  ✓ Created LoginPage.js and LoginPage.css

  [2/15] Creating component: Registration Page
    Component name: RegistrationPage
    Requirements: 15
    Endpoints: 6
    Writing component file: project\frontend\src\pages\RegistrationPage.js
    ✓ Component file created (2196 bytes)
    Writing CSS file: project\frontend\src\pages\RegistrationPage.css
    ✓ CSS file created (500 bytes)
  ✓ Created RegistrationPage.js and RegistrationPage.css

  [3/15] Creating component: Dashboard
    Component name: Dashboard
    Requirements: 10
    Endpoints: 11
    Writing component file: project\frontend\src\pages\Dashboard.js
    ✓ Component file created (3031 bytes)
    Writing CSS file: project\frontend\src\pages\Dashboard.css
    ✓ CSS file created (479 bytes)
  ✓ Created Dashboard.js and Dashboard.css

  [4/15] Creating component: Profile Management
    Component name: ProfileManagement
    Requirements: 10
    Endpoints: 5
    Writing component file: project\frontend\src\pages\ProfileManagement.js
    ✓ Component file created (2130 bytes)
    Writing CSS file: project\frontend\src\pages\ProfileManagement.css
    ✓ CSS file created (503 bytes)
  ✓ Created ProfileManagement.js and ProfileManagement.css

  [5/15] Creating component: Password Recovery
    Component name: PasswordRecovery
    Requirements: 10
    Endpoints: 5
    Writing component file: project\frontend\src\pages\PasswordRecovery.js
    ✓ Component file created (2841 bytes)
    Writing CSS file: project\frontend\src\pages\PasswordRecovery.css
    ✓ CSS file created (500 bytes)
  ✓ Created PasswordRecovery.js and PasswordRecovery.css

  [6/15] Creating component: Attendance Marking
    Component name: AttendanceMarking
    Requirements: 10
    Endpoints: 8
    Writing component file: project\frontend\src\pages\AttendanceMarking.js
    ✓ Component file created (2771 bytes)
    Writing CSS file: project\frontend\src\pages\AttendanceMarking.css
    ✓ CSS file created (503 bytes)
  ✓ Created AttendanceMarking.js and AttendanceMarking.css

  [7/15] Creating component: Attendance Records
    Component name: AttendanceRecords
    Requirements: 10
    Endpoints: 8
    Writing component file: project\frontend\src\pages\AttendanceRecords.js
    ✓ Component file created (2486 bytes)
    Writing CSS file: project\frontend\src\pages\AttendanceRecords.css
    ✓ CSS file created (503 bytes)
  ✓ Created AttendanceRecords.js and AttendanceRecords.css

  [8/15] Creating component: Attendance History
    Component name: AttendanceHistory
    Requirements: 10
    Endpoints: 6
    Writing component file: project\frontend\src\pages\AttendanceHistory.js
    ✓ Component file created (2673 bytes)
    Writing CSS file: project\frontend\src\pages\AttendanceHistory.css
    ✓ CSS file created (503 bytes)
  ✓ Created AttendanceHistory.js and AttendanceHistory.css

  [9/15] Creating component: Settings
    Component name: Settings
    Requirements: 14
    Endpoints: 19
    Writing component file: project\frontend\src\pages\Settings.js
    ✓ Component file created (3058 bytes)
    Writing CSS file: project\frontend\src\pages\Settings.css
    ✓ CSS file created (476 bytes)
  ✓ Created Settings.js and Settings.css

  [10/15] Creating component: Forgot Password
    Component name: ForgotPassword
    Requirements: 10
    Endpoints: 4
    Writing component file: project\frontend\src\pages\ForgotPassword.js
    ✓ Component file created (2548 bytes)
    Writing CSS file: project\frontend\src\pages\ForgotPassword.css
    ✓ CSS file created (494 bytes)
  ✓ Created ForgotPassword.js and ForgotPassword.css

  [11/15] Creating component: User Roles Management
    Component name: UserRolesManagement
    Requirements: 15
    Endpoints: 14
    Writing component file: project\frontend\src\pages\UserRolesManagement.js
    ✓ Component file created (3007 bytes)
    Writing CSS file: project\frontend\src\pages\UserRolesManagement.css
    ✓ CSS file created (509 bytes)
  ✓ Created UserRolesManagement.js and UserRolesManagement.css

  [12/15] Creating component: Error 404 Page
    Component name: Error404Page
    Requirements: 8
    Endpoints: 6
    Writing component file: project\frontend\src\pages\Error404Page.js
    ✓ Component file created (2303 bytes)
    Writing CSS file: project\frontend\src\pages\Error404Page.css
    ✓ CSS file created (488 bytes)
  ✓ Created Error404Page.js and Error404Page.css

  [13/15] Creating component: Error 500 Page
    Component name: Error500Page
    Requirements: 8
    Endpoints: 3
    Writing component file: project\frontend\src\pages\Error500Page.js
    ✓ Component file created (2336 bytes)
    Writing CSS file: project\frontend\src\pages\Error500Page.css
    ✓ CSS file created (488 bytes)
  ✓ Created Error500Page.js and Error500Page.css

  [14/15] Creating component: Attendance Analytics
    Component name: AttendanceAnalytics
    Requirements: 10
    Endpoints: 8
    Writing component file: project\frontend\src\pages\AttendanceAnalytics.js
    ✓ Component file created (2568 bytes)
    Writing CSS file: project\frontend\src\pages\AttendanceAnalytics.css
    ✓ CSS file created (509 bytes)
  ✓ Created AttendanceAnalytics.js and AttendanceAnalytics.css

  [15/15] Creating component: Student Information
    Component name: StudentInformation
    Requirements: 10
    Endpoints: 10
    Writing component file: project\frontend\src\pages\StudentInformation.js
    ✓ Component file created (2742 bytes)
    Writing CSS file: project\frontend\src\pages\StudentInformation.css
    ✓ CSS file created (506 bytes)
  ✓ Created StudentInformation.js and StudentInformation.css

[4/5] Setting up routing in App.js...
  Generating imports for 15 pages
  Writing App.js: project\frontend\src\App.js
  App.js size: 3619 bytes
✓ Routing configured with 15 routes

[5/5] Updating styles...
  Creating App.css
  Writing App.css: project\frontend\src\App.css
  App.css size: 586 bytes
✓ Styles updated

[Finalization] Creating README...
  Writing README: project\frontend\FRONTEND_README.md
  README size: 2106 bytes
✓ README created

======================================================================
✓ REACT PROJECT CREATED: ./project\frontend
✓ 15 page components created
✓ Routing configured
✓ Log file saved: logs\react_project_generation_20251230_163153.log
======================================================================
