
[Agent Request] Designing application...
[Tokens: 563+2051=2614 (conversation)]

[Agent Response]
```json
{
    "frontend": {
        "pages": [
            {
                "page_name": "Login Page",
                "description": "Page for users to login and obtain access tokens",
                "requirements": ["username input", "password input", "login button"],
                "backend_endpoints": [
                    {
                        "endpoint_name": "Login Endpoint",
                        "method": "POST",
                        "path": "/auth/login",
                        "description": "Authenticate user and issue access token",
                        "request_body": {
                            "username": "string",
                            "password": "string"
                        },
                        "response": {
                            "token": "string",
                            "role": "string"
                        }
                    }
                ]
            },
            {
                "page_name": "Registration...

✓ Design complete: 7 pages, 10 endpoints
