
Implementing 7 frontend pages and 10 backend endpoints sequentially...
[Tokens: 336+705=1041 (coding)]
  ✓ Implemented Login Page (112 lines)
[Tokens: 350+737=1087 (coding)]
  ✓ Implemented Registration Page (103 lines)
[Tokens: 422+726=1148 (coding)]
  ✓ Implemented Student Dashboard (118 lines)
[Tokens: 310+641=951 (coding)]
  ✓ Implemented Student Attendance Marking Page (100 lines)
[Tokens: 437+929=1366 (coding)]
  ✓ Implemented Teacher Dashboard (151 lines)
[Tokens: 328+786=1114 (coding)]
  ✓ Implemented Teacher Attendance Record Management Page (123 lines)
[Tokens: 402+726=1128 (coding)]
  ✓ Implemented Profile Management Page (126 lines)
[Tokens: 284+307=591 (coding)]
  ✓ Implemented POST /auth/login (42 lines)
[Tokens: 292+359=651 (coding)]
  ✓ Implemented POST /auth/register (58 lines)
[Tokens: 291+498=789 (coding)]
  ✓ Implemented GET /student/attendance/summary (81 lines)
[Tokens: 283+611=894 (coding)]
  ✓ Implemented GET /student/attendance/history (96 lines)
[Tokens: 267+272=539 (coding)]
  ✓ Implemented POST /student/attendance/mark (40 lines)
[Tokens: 288+466=754 (coding)]
  ✓ Implemented GET /teacher/dashboard (76 lines)
[Tokens: 289+478=767 (coding)]
  ✓ Implemented GET /teacher/attendance (80 lines)
[Tokens: 275+488=763 (coding)]
  ✓ Implemented PUT /teacher/attendance/{attendanceId} (61 lines)
[Tokens: 276+468=744 (coding)]
  ✓ Implemented GET /user/profile (73 lines)
[Tokens: 277+513=790 (coding)]
  ✓ Implemented PUT /user/profile (69 lines)
