
======================================================================
CREATING REACT FRONTEND PROJECT
======================================================================
Timestamp: 20260104_014632
Project name: project/frontend
Log file: logs/react_project_generation_20260104_014632.log
Total pages to create: 7

[1/5] Creating React app 'project/frontend'...
  This may take a few minutes...
  Command: npx create-react-app project/frontend
  Return code: 0
  stdout: 
Creating a new React app in /Users/champ/managementOrchestration/Conventional/project/frontend.

Installing packages. This might take a couple of minutes.
Installing react, react-dom, and react-scripts with cra-template...


added 1304 packages in 2m

266 packages are looking for funding
  run `npm fund` for details

Installing template dependencies using npm...

added 17 packages, and changed 1 package in 7s

266 packages are looking for funding
  run `npm fund` for details
Removing template p...
✓ React app created successfully

[2/5] Installing dependencies (react-router-dom, axios)...
  Working directory: /Users/champ/managementOrchestration/Conventional/project/frontend
  Command: npm install react-router-dom axios
  Return code: 0
  stdout: 
added 7 packages, and audited 1328 packages in 2s

267 packages are looking for funding
  run `npm fund` for details

9 vulnerabilities (3 moderate, 6 high)

To address all issues (including breaking changes), run:
  npm audit fix --force

Run `npm audit` for details.

✓ Dependencies installed successfully

[3/5] Creating page components...
  Creating pages directory: project/frontend/src/pages
  ✓ Pages directory created

  [1/7] Creating component: Login Page
    Component name: LoginPage
    Requirements: 3
    Endpoints: 1
    Writing component file: project/frontend/src/pages/LoginPage.js
    ✓ Component file created (1198 bytes)
    Writing CSS file: project/frontend/src/pages/LoginPage.css
    ✓ CSS file created (479 bytes)
  ✓ Created LoginPage.js and LoginPage.css

  [2/7] Creating component: Registration Page
    Component name: RegistrationPage
    Requirements: 4
    Endpoints: 1
    Writing component file: project/frontend/src/pages/RegistrationPage.js
    ✓ Component file created (1324 bytes)
    Writing CSS file: project/frontend/src/pages/RegistrationPage.css
    ✓ CSS file created (500 bytes)
  ✓ Created RegistrationPage.js and RegistrationPage.css

  [3/7] Creating component: Student Dashboard
    Component name: StudentDashboard
    Requirements: 2
    Endpoints: 2
    Writing component file: project/frontend/src/pages/StudentDashboard.js
    ✓ Component file created (1386 bytes)
    Writing CSS file: project/frontend/src/pages/StudentDashboard.css
    ✓ CSS file created (500 bytes)
  ✓ Created StudentDashboard.js and StudentDashboard.css

  [4/7] Creating component: Student Attendance Marking Page
    Component name: StudentAttendanceMarkingPage
    Requirements: 1
    Endpoints: 1
    Writing component file: project/frontend/src/pages/StudentAttendanceMarkingPage.js
    ✓ Component file created (1257 bytes)
    Writing CSS file: project/frontend/src/pages/StudentAttendanceMarkingPage.css
    ✓ CSS file created (536 bytes)
  ✓ Created StudentAttendanceMarkingPage.js and StudentAttendanceMarkingPage.css

  [5/7] Creating component: Teacher Dashboard
    Component name: TeacherDashboard
    Requirements: 3
    Endpoints: 2
    Writing component file: project/frontend/src/pages/TeacherDashboard.js
    ✓ Component file created (1438 bytes)
    Writing CSS file: project/frontend/src/pages/TeacherDashboard.css
    ✓ CSS file created (500 bytes)
  ✓ Created TeacherDashboard.js and TeacherDashboard.css

  [6/7] Creating component: Teacher Attendance Record Management Page
    Component name: TeacherAttendanceRecordManagementPage
    Requirements: 2
    Endpoints: 1
    Writing component file: project/frontend/src/pages/TeacherAttendanceRecordManagementPage.js
    ✓ Component file created (1471 bytes)
    Writing CSS file: project/frontend/src/pages/TeacherAttendanceRecordManagementPage.css
    ✓ CSS file created (563 bytes)
  ✓ Created TeacherAttendanceRecordManagementPage.js and TeacherAttendanceRecordManagementPage.css

  [7/7] Creating component: Profile Management Page
    Component name: ProfileManagementPage
    Requirements: 2
    Endpoints: 2
    Writing component file: project/frontend/src/pages/ProfileManagementPage.js
    ✓ Component file created (1323 bytes)
    Writing CSS file: project/frontend/src/pages/ProfileManagementPage.css
    ✓ CSS file created (515 bytes)
  ✓ Created ProfileManagementPage.js and ProfileManagementPage.css

[4/5] Setting up routing in App.js...
  Generating imports for 7 pages
  Writing App.js: project/frontend/src/App.js
  App.js size: 2244 bytes
✓ Routing configured with 7 routes

[5/5] Updating styles...
  Creating App.css
  Writing App.css: project/frontend/src/App.css
  App.css size: 586 bytes
✓ Styles updated

[Finalization] Creating README...
  Writing README: project/frontend/FRONTEND_README.md
  README size: 1713 bytes
✓ README created

======================================================================
✓ REACT PROJECT CREATED: ./project/frontend
✓ 7 page components created
✓ Routing configured
✓ Log file saved: logs/react_project_generation_20260104_014632.log
======================================================================
